0 info it worked if it ends with ok
1 verbose cli [ '/Users/bruces/.nvm/versions/node/v4.4.7/bin/node',
1 verbose cli   '/Users/bruces/.nvm/versions/node/v4.4.7/bin/npm',
1 verbose cli   'run',
1 verbose cli   'travis' ]
2 info using npm@3.10.7
3 info using node@v4.4.7
4 verbose run-script [ 'pretravis', 'travis', 'posttravis' ]
5 info lifecycle ioc-test@0.0.0~pretravis: ioc-test@0.0.0
6 silly lifecycle ioc-test@0.0.0~pretravis: no script for pretravis, continuing
7 info lifecycle ioc-test@0.0.0~travis: ioc-test@0.0.0
8 verbose lifecycle ioc-test@0.0.0~travis: unsafe-perm in lifecycle true
9 verbose lifecycle ioc-test@0.0.0~travis: PATH: /Users/bruces/.nvm/versions/node/v4.4.7/lib/node_modules/npm/bin/node-gyp-bin:/Users/bruces/Projects/ioc-test/node_modules/.bin:/Users/bruces/.rvm/gems/ruby-2.2.3/bin:/Users/bruces/.rvm/gems/ruby-2.2.3@global/bin:/Users/bruces/.rvm/rubies/ruby-2.2.3/bin:/Library/Internet Plug-Ins/JavaAppletPlugin.plugin/Contents/Home/bin:/Users/bruces/.nvm/versions/node/v4.4.7/bin:/usr/local/heroku/bin:/Users/bruces/.gem/ruby/1.9.3/bin:/Users/bruces/.rubies/ruby-1.9.3-p551/lib/ruby/gems/1.9.1/bin:/Users/bruces/.rubies/ruby-1.9.3-p551/bin:/opt/local/bin:/opt/local/sbin:/Users/bruces/bin:/usr/local/bin:/usr/bin:/bin:/usr/sbin:/sbin:/opt/X11/bin:/usr/local/MacGPG2/bin:/Users/bruces/.rvm/bin
10 verbose lifecycle ioc-test@0.0.0~travis: CWD: /Users/bruces/Projects/ioc-test
11 silly lifecycle ioc-test@0.0.0~travis: Args: [ '-c',
11 silly lifecycle   'grunt && ./node_modules/.bin/lab --assert code --verbose -S --coverage -r lcov | node_modules/.bin/coveralls' ]
12 silly lifecycle ioc-test@0.0.0~travis: Returned: code: 1  signal: null
13 info lifecycle ioc-test@0.0.0~travis: Failed to exec travis script
14 verbose stack Error: ioc-test@0.0.0 travis: `grunt && ./node_modules/.bin/lab --assert code --verbose -S --coverage -r lcov | node_modules/.bin/coveralls`
14 verbose stack Exit status 1
14 verbose stack     at EventEmitter.<anonymous> (/Users/bruces/.nvm/versions/node/v4.4.7/lib/node_modules/npm/lib/utils/lifecycle.js:255:16)
14 verbose stack     at emitTwo (events.js:87:13)
14 verbose stack     at EventEmitter.emit (events.js:172:7)
14 verbose stack     at ChildProcess.<anonymous> (/Users/bruces/.nvm/versions/node/v4.4.7/lib/node_modules/npm/lib/utils/spawn.js:40:14)
14 verbose stack     at emitTwo (events.js:87:13)
14 verbose stack     at ChildProcess.emit (events.js:172:7)
14 verbose stack     at maybeClose (internal/child_process.js:827:16)
14 verbose stack     at Process.ChildProcess._handle.onexit (internal/child_process.js:211:5)
15 verbose pkgid ioc-test@0.0.0
16 verbose cwd /Users/bruces/Projects/ioc-test
17 error Darwin 15.6.0
18 error argv "/Users/bruces/.nvm/versions/node/v4.4.7/bin/node" "/Users/bruces/.nvm/versions/node/v4.4.7/bin/npm" "run" "travis"
19 error node v4.4.7
20 error npm  v3.10.7
21 error code ELIFECYCLE
22 error ioc-test@0.0.0 travis: `grunt && ./node_modules/.bin/lab --assert code --verbose -S --coverage -r lcov | node_modules/.bin/coveralls`
22 error Exit status 1
23 error Failed at the ioc-test@0.0.0 travis script 'grunt && ./node_modules/.bin/lab --assert code --verbose -S --coverage -r lcov | node_modules/.bin/coveralls'.
23 error Make sure you have the latest version of node.js and npm installed.
23 error If you do, this is most likely a problem with the ioc-test package,
23 error not with npm itself.
23 error Tell the author that this fails on your system:
23 error     grunt && ./node_modules/.bin/lab --assert code --verbose -S --coverage -r lcov | node_modules/.bin/coveralls
23 error You can get information on how to open an issue for this project with:
23 error     npm bugs ioc-test
23 error Or if that isn't available, you can get their info via:
23 error     npm owner ls ioc-test
23 error There is likely additional logging output above.
24 verbose exit [ 1, true ]
